<?xml version="1.0" encoding="UTF-8"?>
<!-- Generated by org.testng.reporters.JUnitReportReporter -->
<testsuite hostname="DESKTOP-4PFGOAF" failures="0" tests="1" name="tests.GoogleSearchTest" time="14.322" errors="0" timestamp="2025-07-06T10:14:53 IST" skipped="0">
  <testcase classname="tests.GoogleSearchTest" name="searchTest" time="14.322"/>
  <system-out/>
</testsuite> <!-- tests.GoogleSearchTest -->
