<?xml version="1.0" encoding="UTF-8"?>
<!-- Generated by org.testng.reporters.JUnitReportReporter -->
<testsuite hostname="DESKTOP-4PFGOAF" failures="0" tests="1" name="tests.LoginTest" time="5.152" errors="0" timestamp="2025-07-06T13:03:02 IST" skipped="0">
  <testcase classname="tests.LoginTest" name="openGoogle" time="5.152"/>
  <system-out/>
</testsuite> <!-- tests.LoginTest -->
